e:\user docs\documents\rit\2016-2017\spring\game graphics\dx11starter\release\vc140.pdb
e:\user docs\documents\rit\2016-2017\spring\game graphics\dx11starter\release\transform.obj
e:\user docs\documents\rit\2016-2017\spring\game graphics\dx11starter\release\testentity.obj
e:\user docs\documents\rit\2016-2017\spring\game graphics\dx11starter\release\simpleshader.obj
e:\user docs\documents\rit\2016-2017\spring\game graphics\dx11starter\release\mesh.obj
e:\user docs\documents\rit\2016-2017\spring\game graphics\dx11starter\release\main.obj
e:\user docs\documents\rit\2016-2017\spring\game graphics\dx11starter\release\game.obj
e:\user docs\documents\rit\2016-2017\spring\game graphics\dx11starter\release\entity.obj
e:\user docs\documents\rit\2016-2017\spring\game graphics\dx11starter\release\dxcore.obj
e:\user docs\documents\rit\2016-2017\spring\game graphics\dx11starter\release\camera.obj
e:\user docs\documents\rit\2016-2017\spring\game graphics\dx11starter\release\pixelshader.cso
e:\user docs\documents\rit\2016-2017\spring\game graphics\dx11starter\release\vertexshader.cso
e:\user docs\documents\rit\2016-2017\spring\game graphics\dx11starter\release\dx11starter.exe
e:\user docs\documents\rit\2016-2017\spring\game graphics\dx11starter\release\dx11starter.ipdb
e:\user docs\documents\rit\2016-2017\spring\game graphics\dx11starter\release\dx11starter.iobj
e:\user docs\documents\rit\2016-2017\spring\game graphics\dx11starter\release\dx11starter.pdb
e:\user docs\documents\rit\2016-2017\spring\game graphics\dx11starter\release\dx11starter.tlog\cl.command.1.tlog
e:\user docs\documents\rit\2016-2017\spring\game graphics\dx11starter\release\dx11starter.tlog\cl.read.1.tlog
e:\user docs\documents\rit\2016-2017\spring\game graphics\dx11starter\release\dx11starter.tlog\cl.write.1.tlog
e:\user docs\documents\rit\2016-2017\spring\game graphics\dx11starter\release\dx11starter.tlog\dx11starter.write.1u.tlog
e:\user docs\documents\rit\2016-2017\spring\game graphics\dx11starter\release\dx11starter.tlog\fxc.command.1.tlog
e:\user docs\documents\rit\2016-2017\spring\game graphics\dx11starter\release\dx11starter.tlog\fxc.read.1.tlog
e:\user docs\documents\rit\2016-2017\spring\game graphics\dx11starter\release\dx11starter.tlog\fxc.write.1.tlog
e:\user docs\documents\rit\2016-2017\spring\game graphics\dx11starter\release\dx11starter.tlog\link.command.1.tlog
e:\user docs\documents\rit\2016-2017\spring\game graphics\dx11starter\release\dx11starter.tlog\link.read.1.tlog
e:\user docs\documents\rit\2016-2017\spring\game graphics\dx11starter\release\dx11starter.tlog\link.write.1.tlog
